<?xml version="1.0" encoding="UTF-8"?>
<!-- Generated by org.testng.reporters.JUnitReportReporter -->
<testsuite hostname="Dhruvs-MBP" failures="0" tests="3" name="pages.TestClass" time="98.616" errors="0" timestamp="2022-12-25T03:10:58 GST" skipped="0">
  <testcase classname="pages.TestClass" name="KuwaitValidation" time="34.610"/>
  <system-out/>
  <testcase classname="pages.TestClass" name="BahrainValidation" time="34.206"/>
  <system-out/>
  <testcase classname="pages.TestClass" name="ksaValidations" time="29.800"/>
  <system-out/>
</testsuite> <!-- pages.TestClass -->
